<?xml version="1.0" encoding="UTF-8" ?>
<testsuite tests="3" failures="0" name="com.quotemedia.interview.quoteservice.TestQuoteService" time="0.709" errors="0" skipped="0">
  <properties>
[...]
</properties>
  <testcase classname="com.quotemedia.interview.quoteservice.TestQuoteService" name="testEmptyQuotesList" time="0.646"/>
  <testcase classname="com.quotemedia.interview.quoteservice.TestQuoteService" name="testInvalidSymbolLength" time="0.018"/>
  <testcase classname="com.quotemedia.interview.quoteservice.TestQuoteService" name="testValidSymbolLength" time="0.045"/>
</testsuite>